<?xml version="1.0" encoding="UTF-8"?>
<!-- Generated by org.testng.reporters.JUnitReportReporter -->
<testsuite hostname="LAPTOP-3FK53I8J" failures="0" tests="1" name="com.mycompany.app.FBHome" time="15.194" errors="0" timestamp="28 Apr 2020 12:53:29 GMT">
  <testcase classname="com.mycompany.app.FBHome" name="openHomePage" time="15.194"/>
</testsuite> <!-- com.mycompany.app.FBHome -->
