<?xml version="1.0" encoding="UTF-8"?>
<!-- Generated by org.testng.reporters.JUnitReportReporter -->
<testsuite hostname="LAPTOP-3FK53I8J" failures="0" tests="1" name="com.mycompany.app.FBLogin" time="6.289" errors="0" timestamp="30 Apr 2020 03:06:03 GMT">
  <testcase classname="com.mycompany.app.FBLogin" name="loginTest" time="6.289"/>
</testsuite> <!-- com.mycompany.app.FBLogin -->
